<?xml version="1.0" encoding="UTF-8"?>
<!-- Generated by org.testng.reporters.JUnitReportReporter -->
<testsuite hostname="EGCA1-0091" failures="0" tests="9" name="start.Start" time="99.660" errors="0" timestamp="2022-01-09T02:30:14 EET" skipped="0">
  <testcase classname="start.Start" name="startApplication" time="13.172"/>
  <system-out/>
  <testcase classname="start.Start" name="login" time="10.343"/>
  <system-out/>
  <testcase classname="start.Start" name="chooseAllProducts" time="10.373"/>
  <system-out/>
  <testcase classname="start.Start" name="clickToPay" time="10.069"/>
  <system-out/>
  <testcase classname="start.Start" name="clickToCheckout" time="10.091"/>
  <system-out/>
  <testcase classname="start.Start" name="Checkout" time="10.348"/>
  <system-out/>
  <testcase classname="start.Start" name="finalizeCheckout" time="10.063"/>
  <system-out/>
  <testcase classname="start.Start" name="returnToHomePage" time="10.095"/>
  <system-out/>
  <testcase classname="start.Start" name="logout" time="15.106"/>
  <system-out/>
</testsuite> <!-- start.Start -->
