<?xml version="1.0" encoding="UTF-8"?>
<!-- Generated by org.testng.reporters.JUnitReportReporter -->
<testsuite hostname="EGCA1-0091" failures="0" tests="9" name="start.Start" time="61.237" errors="0" timestamp="2022-07-27T08:55:27 EET" skipped="0">
  <testcase classname="start.Start" name="startApplication" time="13.855"/>
  <system-out/>
  <testcase classname="start.Start" name="login" time="5.570"/>
  <system-out/>
  <testcase classname="start.Start" name="chooseAllProducts" time="5.645"/>
  <system-out/>
  <testcase classname="start.Start" name="clickToPay" time="5.108"/>
  <system-out/>
  <testcase classname="start.Start" name="clickToCheckout" time="5.129"/>
  <system-out/>
  <testcase classname="start.Start" name="Checkout" time="5.454"/>
  <system-out/>
  <testcase classname="start.Start" name="finalizeCheckout" time="5.109"/>
  <system-out/>
  <testcase classname="start.Start" name="returnToHomePage" time="5.210"/>
  <system-out/>
  <testcase classname="start.Start" name="logout" time="10.157"/>
  <system-out/>
</testsuite> <!-- start.Start -->
