<?xml version="1.0" encoding="UTF-8"?>
<!-- Generated by org.testng.reporters.JUnitReportReporter -->
<testsuite hostname="EGCA1-0091" failures="0" tests="2" name="test_cases.TestBase" time="10.388" errors="0" timestamp="2022-07-27T09:15:56 EET" skipped="0">
  <testcase classname="test_cases.TestBase" name="startApplication" time="9.463"/>
  <system-out/>
  <testcase classname="test_cases.TestBase" name="login" time="0.925"/>
  <system-out/>
</testsuite> <!-- test_cases.TestBase -->
