<?xml version="1.0" encoding="UTF-8"?>
<!-- Generated by org.testng.reporters.JUnitReportReporter -->
<testsuite hostname="EGCA1-0091" failures="0" tests="9" name="test_cases.E2E_Testcase001_PurchasingAllProducts" time="33.914" errors="0" timestamp="2022-07-27T09:38:00 EET" skipped="0">
  <testcase classname="test_cases.E2E_Testcase001_PurchasingAllProducts" name="startApplication" time="11.776"/>
  <system-out/>
  <testcase classname="test_cases.E2E_Testcase001_PurchasingAllProducts" name="login" time="1.219"/>
  <system-out/>
  <testcase classname="test_cases.E2E_Testcase001_PurchasingAllProducts" name="chooseAllProducts" time="3.270"/>
  <system-out/>
  <testcase classname="test_cases.E2E_Testcase001_PurchasingAllProducts" name="clickToPay" time="2.443"/>
  <system-out/>
  <testcase classname="test_cases.E2E_Testcase001_PurchasingAllProducts" name="clickToCheckout" time="2.222"/>
  <system-out/>
  <testcase classname="test_cases.E2E_Testcase001_PurchasingAllProducts" name="Checkout" time="2.929"/>
  <system-out/>
  <testcase classname="test_cases.E2E_Testcase001_PurchasingAllProducts" name="finalizeCheckout" time="2.593"/>
  <system-out/>
  <testcase classname="test_cases.E2E_Testcase001_PurchasingAllProducts" name="returnToHomePage" time="2.993"/>
  <system-out/>
  <testcase classname="test_cases.E2E_Testcase001_PurchasingAllProducts" name="logout" time="4.469"/>
  <system-out/>
</testsuite> <!-- test_cases.E2E_Testcase001_PurchasingAllProducts -->
