<?xml version="1.0" encoding="UTF-8"?>
<!-- Generated by org.testng.reporters.JUnitReportReporter -->
<testsuite hostname="EGCA1-0091" failures="0" tests="9" name="start.Start" time="57.669" errors="0" timestamp="2022-01-09T09:52:04 EET" skipped="0">
  <testcase classname="start.Start" name="startApplication" time="10.100"/>
  <system-out/>
  <testcase classname="start.Start" name="login" time="5.568"/>
  <system-out/>
  <testcase classname="start.Start" name="chooseAllProducts" time="5.562"/>
  <system-out/>
  <testcase classname="start.Start" name="clickToPay" time="5.120"/>
  <system-out/>
  <testcase classname="start.Start" name="clickToCheckout" time="5.184"/>
  <system-out/>
  <testcase classname="start.Start" name="Checkout" time="5.568"/>
  <system-out/>
  <testcase classname="start.Start" name="finalizeCheckout" time="5.097"/>
  <system-out/>
  <testcase classname="start.Start" name="returnToHomePage" time="5.331"/>
  <system-out/>
  <testcase classname="start.Start" name="logout" time="10.139"/>
  <system-out/>
</testsuite> <!-- start.Start -->
